# JRE version: Java(TM) SE Runtime Environment (8.0_144-b01) (build 1.8.0_144-b01)
# Java VM: Java HotSpot(TM) 64-Bit Server VM (25.144-b01 mixed mode windows-amd64 compressed oops)
Heap:
 PSYoungGen      total 239616K, used 45226K [0x00000000eb180000, 0x00000000ff680000, 0x0000000100000000)
  eden space 208896K, 21% used [0x00000000eb180000,0x00000000eddaa908,0x00000000f7d80000)
  from space 30720K, 0% used [0x00000000f7d80000,0x00000000f7d80000,0x00000000f9b80000)
  to   space 29696K, 0% used [0x00000000fd980000,0x00000000fd980000,0x00000000ff680000)
 ParOldGen       total 99328K, used 42007K [0x00000000c1400000, 0x00000000c7500000, 0x00000000eb180000)
  object space 99328K, 42% used [0x00000000c1400000,0x00000000c3d05f58,0x00000000c7500000)
 Metaspace       used 45173K, capacity 45954K, committed 46336K, reserved 1089536K
  class space    used 5337K, capacity 5560K, committed 5632K, reserved 1048576K
GC Heap History (10 events):
Event: 29.047 GC heap before
{Heap before GC invocations=14 (full 2):
 PSYoungGen      total 138752K, used 121856K [0x00000000eb180000, 0x00000000f8580000, 0x0000000100000000)
  eden space 121856K, 100% used [0x00000000eb180000,0x00000000f2880000,0x00000000f2880000)
  from space 16896K, 0% used [0x00000000f2880000,0x00000000f2880000,0x00000000f3900000)
  to   space 22528K, 0% used [0x00000000f6f80000,0x00000000f6f80000,0x00000000f8580000)
 ParOldGen       total 89600K, used 41988K [0x00000000c1400000, 0x00000000c6b80000, 0x00000000eb180000)
  object space 89600K, 46% used [0x00000000c1400000,0x00000000c3d01290,0x00000000c6b80000)
 Metaspace       used 26073K, capacity 26668K, committed 26752K, reserved 1073152K
  class space    used 3012K, capacity 3153K, committed 3200K, reserved 1048576K
Event: 29.075 GC heap after
Heap after GC invocations=14 (full 2):
 PSYoungGen      total 174592K, used 20525K [0x00000000eb180000, 0x00000000f8400000, 0x0000000100000000)
  eden space 153600K, 0% used [0x00000000eb180000,0x00000000eb180000,0x00000000f4780000)
  from space 20992K, 97% used [0x00000000f6f80000,0x00000000f838b4f8,0x00000000f8400000)
  to   space 25088K, 0% used [0x00000000f5300000,0x00000000f5300000,0x00000000f6b80000)
 ParOldGen       total 89600K, used 41988K [0x00000000c1400000, 0x00000000c6b80000, 0x00000000eb180000)
  object space 89600K, 46% used [0x00000000c1400000,0x00000000c3d01290,0x00000000c6b80000)
 Metaspace       used 26073K, capacity 26668K, committed 26752K, reserved 1073152K
  class space    used 3012K, capacity 3153K, committed 3200K, reserved 1048576K
}
Event: 29.884 GC heap before
{Heap before GC invocations=15 (full 2):
 PSYoungGen      total 174592K, used 174125K [0x00000000eb180000, 0x00000000f8400000, 0x0000000100000000)
  eden space 153600K, 100% used [0x00000000eb180000,0x00000000f4780000,0x00000000f4780000)
  from space 20992K, 97% used [0x00000000f6f80000,0x00000000f838b4f8,0x00000000f8400000)
  to   space 25088K, 0% used [0x00000000f5300000,0x00000000f5300000,0x00000000f6b80000)
 ParOldGen       total 89600K, used 41988K [0x00000000c1400000, 0x00000000c6b80000, 0x00000000eb180000)
  object space 89600K, 46% used [0x00000000c1400000,0x00000000c3d01290,0x00000000c6b80000)
 Metaspace       used 26074K, capacity 26668K, committed 26752K, reserved 1073152K
  class space    used 3012K, capacity 3153K, committed 3200K, reserved 1048576K
Event: 29.931 GC heap after
Heap after GC invocations=15 (full 2):
 PSYoungGen      total 190464K, used 25065K [0x00000000eb180000, 0x00000000fb900000, 0x0000000100000000)
  eden space 165376K, 0% used [0x00000000eb180000,0x00000000eb180000,0x00000000f5300000)
  from space 25088K, 99% used [0x00000000f5300000,0x00000000f6b7a530,0x00000000f6b80000)
  to   space 30208K, 0% used [0x00000000f9b80000,0x00000000f9b80000,0x00000000fb900000)
 ParOldGen       total 89600K, used 45575K [0x00000000c1400000, 0x00000000c6b80000, 0x00000000eb180000)
  object space 89600K, 50% used [0x00000000c1400000,0x00000000c4081da0,0x00000000c6b80000)
 Metaspace       used 26074K, capacity 26668K, committed 26752K, reserved 1073152K
  class space    used 3012K, capacity 3153K, committed 3200K, reserved 1048576K
}
Event: 54.911 GC heap before
{Heap before GC invocations=16 (full 2):
 PSYoungGen      total 190464K, used 190441K [0x00000000eb180000, 0x00000000fb900000, 0x0000000100000000)
  eden space 165376K, 100% used [0x00000000eb180000,0x00000000f5300000,0x00000000f5300000)
  from space 25088K, 99% used [0x00000000f5300000,0x00000000f6b7a530,0x00000000f6b80000)
  to   space 30208K, 0% used [0x00000000f9b80000,0x00000000f9b80000,0x00000000fb900000)
 ParOldGen       total 89600K, used 45575K [0x00000000c1400000, 0x00000000c6b80000, 0x00000000eb180000)
  object space 89600K, 50% used [0x00000000c1400000,0x00000000c4081da0,0x00000000c6b80000)
 Metaspace       used 38828K, capacity 39608K, committed 39936K, reserved 1085440K
  class space    used 4575K, capacity 4773K, committed 4864K, reserved 1048576K
Event: 54.944 GC heap after
Heap after GC invocations=16 (full 2):
 PSYoungGen      total 239104K, used 18336K [0x00000000eb180000, 0x00000000fc300000, 0x0000000100000000)
  eden space 208896K, 0% used [0x00000000eb180000,0x00000000eb180000,0x00000000f7d80000)
  from space 30208K, 60% used [0x00000000f9b80000,0x00000000fad68160,0x00000000fb900000)
  to   space 30720K, 0% used [0x00000000f7d80000,0x00000000f7d80000,0x00000000f9b80000)
 ParOldGen       total 89600K, used 51293K [0x00000000c1400000, 0x00000000c6b80000, 0x00000000eb180000)
  object space 89600K, 57% used [0x00000000c1400000,0x00000000c4617440,0x00000000c6b80000)
 Metaspace       used 38828K, capacity 39608K, committed 39936K, reserved 1085440K
  class space    used 4575K, capacity 4773K, committed 4864K, reserved 1048576K
}
Event: 56.376 GC heap before
{Heap before GC invocations=17 (full 2):
 PSYoungGen      total 239104K, used 114814K [0x00000000eb180000, 0x00000000fc300000, 0x0000000100000000)
  eden space 208896K, 46% used [0x00000000eb180000,0x00000000f0fb7908,0x00000000f7d80000)
  from space 30208K, 60% used [0x00000000f9b80000,0x00000000fad68160,0x00000000fb900000)
  to   space 30720K, 0% used [0x00000000f7d80000,0x00000000f7d80000,0x00000000f9b80000)
 ParOldGen       total 89600K, used 51293K [0x00000000c1400000, 0x00000000c6b80000, 0x00000000eb180000)
  object space 89600K, 57% used [0x00000000c1400000,0x00000000c4617440,0x00000000c6b80000)
 Metaspace       used 43597K, capacity 44310K, committed 44544K, reserved 1089536K
  class space    used 5130K, capacity 5334K, committed 5376K, reserved 1048576K
Event: 56.392 GC heap after
Heap after GC invocations=17 (full 2):
 PSYoungGen      total 239616K, used 9526K [0x00000000eb180000, 0x00000000ff680000, 0x0000000100000000)
  eden space 208896K, 0% used [0x00000000eb180000,0x00000000eb180000,0x00000000f7d80000)
  from space 30720K, 31% used [0x00000000f7d80000,0x00000000f86cd8e8,0x00000000f9b80000)
  to   space 29696K, 0% used [0x00000000fd980000,0x00000000fd980000,0x00000000ff680000)
 ParOldGen       total 89600K, used 58245K [0x00000000c1400000, 0x00000000c6b80000, 0x00000000eb180000)
  object space 89600K, 65% used [0x00000000c1400000,0x00000000c4ce1478,0x00000000c6b80000)
 Metaspace       used 43597K, capacity 44310K, committed 44544K, reserved 1089536K
  class space    used 5130K, capacity 5334K, committed 5376K, reserved 1048576K
}
Event: 56.392 GC heap before
{Heap before GC invocations=18 (full 3):
 PSYoungGen      total 239616K, used 9526K [0x00000000eb180000, 0x00000000ff680000, 0x0000000100000000)
  eden space 208896K, 0% used [0x00000000eb180000,0x00000000eb180000,0x00000000f7d80000)
  from space 30720K, 31% used [0x00000000f7d80000,0x00000000f86cd8e8,0x00000000f9b80000)
  to   space 29696K, 0% used [0x00000000fd980000,0x00000000fd980000,0x00000000ff680000)
 ParOldGen       total 89600K, used 58245K [0x00000000c1400000, 0x00000000c6b80000, 0x00000000eb180000)
  object space 89600K, 65% used [0x00000000c1400000,0x00000000c4ce1478,0x00000000c6b80000)
 Metaspace       used 43597K, capacity 44310K, committed 44544K, reserved 1089536K
  class space    used 5130K, capacity 5334K, committed 5376K, reserved 1048576K
Event: 56.685 GC heap after
Heap after GC invocations=18 (full 3):
 PSYoungGen      total 239616K, used 0K [0x00000000eb180000, 0x00000000ff680000, 0x0000000100000000)
  eden space 208896K, 0% used [0x00000000eb180000,0x00000000eb180000,0x00000000f7d80000)
  from space 30720K, 0% used [0x00000000f7d80000,0x00000000f7d80000,0x00000000f9b80000)
  to   space 29696K, 0% used [0x00000000fd980000,0x00000000fd980000,0x00000000ff680000)
 ParOldGen       total 99328K, used 42007K [0x00000000c1400000, 0x00000000c7500000, 0x00000000eb180000)
  object space 99328K, 42% used [0x00000000c1400000,0x00000000c3d05f58,0x00000000c7500000)
 Metaspace       used 43597K, capacity 44310K, committed 44544K, reserved 1089536K
  class space    used 5130K, capacity 5334K, committed 5376K, reserved 1048576K
}

